build/app/outputs/mapping/release/mapping.txt
# compiler: R8
# compiler_version: 1.5.64
# min_api: 16
# pg_map_id: 3d23493
com.anilk98891.worldtimeapp.MainActivity -> com.anilk98891.worldtimeapp.MainActivity:
    void configureFlutterEngine(io.flutter.embedding.engine.FlutterEngine) -> a
...
com.tekartik.sqflite.dev.Debug -> b.b.a.e.a:
    boolean LOGV -> a
    boolean _EXTRA_LOGV -> b
    boolean EXTRA_LOGV -> c
com.tekartik.sqflite.operation.BaseOperation -> b.b.a.f.a:
    void error(java.lang.String,java.lang.String,java.lang.Object) -> a
    void success(java.lang.Object) -> a
    com.tekartik.sqflite.operation.OperationResult getOperationResult() -> e
com.tekartik.sqflite.operation.BaseReadOperation -> b.b.a.f.b:
    com.tekartik.sqflite.SqlCommand getSqlCommand() -> a
    java.lang.Boolean getBoolean(java.lang.String) -> b
    boolean getNoResult() -> b
    java.lang.Boolean getInTransaction() -> c
    boolean getContinueOnError() -> d
    java.lang.String getSql() -> e
    java.util.List getSqlArguments() -> f
com.tekartik.sqflite.operation.BatchOperation -> b.b.a.f.c:
    java.util.Map map -> a
    com.tekartik.sqflite.operation.BatchOperation$BatchOperationResult operationResult -> b
    boolean noResult -> c
    java.lang.Object getArgument(java.lang.String) -> a
    void handleError(io.flutter.plugin.common.MethodChannel$Result) -> a
    void handleErrorContinue(java.util.List) -> a
    boolean getNoResult() -> b
    void handleSuccess(java.util.List) -> b
    com.tekartik.sqflite.operation.OperationResult getOperationResult() -> e
    java.lang.String getMethod() -> f
    java.util.Map getOperationError() -> g
    java.util.Map getOperationSuccessResult() -> h
com.tekartik.sqflite.operation.BatchOperation$BatchOperationResult -> b.b.a.f.c$a:
    java.lang.Object errorData -> d
    java.lang.Object result -> a
    java.lang.String errorMessage -> c
    java.lang.String errorCode -> b
    void error(java.lang.String,java.lang.String,java.lang.Object) -> a
    void success(java.lang.Object) -> a
com.tekartik.sqflite.operation.ExecuteOperation -> b.b.a.f.d:
    com.tekartik.sqflite.SqlCommand command -> a
    java.lang.Boolean inTransaction -> c
    io.flutter.plugin.common.MethodChannel$Result result -> b
    void error(java.lang.String,java.lang.String,java.lang.Object) -> a
    java.lang.Object getArgument(java.lang.String) -> a
    com.tekartik.sqflite.SqlCommand getSqlCommand() -> a
    void success(java.lang.Object) -> a
    java.lang.Boolean getInTransaction() -> c
com.tekartik.sqflite.operation.MethodCallOperation -> b.b.a.f.e:
    io.flutter.plugin.common.MethodCall methodCall -> a
    com.tekartik.sqflite.operation.MethodCallOperation$Result result -> b
    java.lang.Object getArgument(java.lang.String) -> a
    com.tekartik.sqflite.operation.OperationResult getOperationResult() -> e
com.tekartik.sqflite.operation.MethodCallOperation$Result -> b.b.a.f.e$a:
    io.flutter.plugin.common.MethodChannel$Result result -> a
    void error(java.lang.String,java.lang.String,java.lang.Object) -> a
    void success(java.lang.Object) -> a
com.tekartik.sqflite.operation.Operation -> b.b.a.f.f:
    java.lang.Object getArgument(java.lang.String) -> a
    com.tekartik.sqflite.SqlCommand getSqlCommand() -> a
    boolean getNoResult() -> b
    java.lang.Boolean getInTransaction() -> c
com.tekartik.sqflite.operation.OperationResult -> b.b.a.f.g:
    void error(java.lang.String,java.lang.String,java.lang.Object) -> a
    void success(java.lang.Object) -> a
com.tekartik.sqflite.operation.SqlErrorInfo -> b.b.a.f.h:
    java.util.Map getMap(com.tekartik.sqflite.operation.Operation) -> a
io.flutter.Log -> c.a.a:
    void d(java.lang.String,java.lang.String) -> a
    void e(java.lang.String,java.lang.String,java.lang.Throwable) -> a
    void e(java.lang.String,java.lang.String) -> b
    void v(java.lang.String,java.lang.String) -> c
    void w(java.lang.String,java.lang.String) -> d